# JRE version: Java(TM) SE Runtime Environment (8.0_45-b14) (build 1.8.0_45-b14)
# Java VM: Java HotSpot(TM) 64-Bit Server VM (25.45-b02 mixed mode windows-amd64 compressed oops)
Heap:
 PSYoungGen      total 240640K, used 139610K [0x00000000eb400000, 0x00000000fe680000, 0x0000000100000000)
  eden space 238592K, 57% used [0x00000000eb400000,0x00000000f3a7fcf0,0x00000000f9d00000)
  from space 2048K, 91% used [0x00000000fd880000,0x00000000fda56e28,0x00000000fda80000)
  to   space 7168K, 0% used [0x00000000fdf80000,0x00000000fdf80000,0x00000000fe680000)
 ParOldGen       total 52224K, used 19832K [0x00000000c1c00000, 0x00000000c4f00000, 0x00000000eb400000)
  object space 52224K, 37% used [0x00000000c1c00000,0x00000000c2f5e3b8,0x00000000c4f00000)
 Metaspace       used 11421K, capacity 11578K, committed 11904K, reserved 1060864K
  class space    used 1308K, capacity 1360K, committed 1408K, reserved 1048576K
GC Heap History (10 events):
Event: 281.302 GC heap before
{Heap before GC invocations=18 (full 1):
 PSYoungGen      total 302592K, used 302432K [0x00000000eb400000, 0x00000000ff680000, 0x0000000100000000)
  eden space 302080K, 100% used [0x00000000eb400000,0x00000000fdb00000,0x00000000fdb00000)
  from space 512K, 68% used [0x00000000ff600000,0x00000000ff658000,0x00000000ff680000)
  to   space 9728K, 0% used [0x00000000fe380000,0x00000000fe380000,0x00000000fed00000)
 ParOldGen       total 52224K, used 18644K [0x00000000c1c00000, 0x00000000c4f00000, 0x00000000eb400000)
  object space 52224K, 35% used [0x00000000c1c00000,0x00000000c2e35200,0x00000000c4f00000)
 Metaspace       used 11391K, capacity 11578K, committed 11904K, reserved 1060864K
  class space    used 1306K, capacity 1360K, committed 1408K, reserved 1048576K
Event: 281.306 GC heap after
Heap after GC invocations=18 (full 1):
 PSYoungGen      total 297984K, used 704K [0x00000000eb400000, 0x00000000ff680000, 0x0000000100000000)
  eden space 288256K, 0% used [0x00000000eb400000,0x00000000eb400000,0x00000000fcd80000)
  from space 9728K, 7% used [0x00000000fe380000,0x00000000fe430000,0x00000000fed00000)
  to   space 9216K, 0% used [0x00000000fed80000,0x00000000fed80000,0x00000000ff680000)
 ParOldGen       total 52224K, used 18828K [0x00000000c1c00000, 0x00000000c4f00000, 0x00000000eb400000)
  object space 52224K, 36% used [0x00000000c1c00000,0x00000000c2e63200,0x00000000c4f00000)
 Metaspace       used 11391K, capacity 11578K, committed 11904K, reserved 1060864K
  class space    used 1306K, capacity 1360K, committed 1408K, reserved 1048576K
}
Event: 292.832 GC heap before
{Heap before GC invocations=19 (full 1):
 PSYoungGen      total 297984K, used 288960K [0x00000000eb400000, 0x00000000ff680000, 0x0000000100000000)
  eden space 288256K, 100% used [0x00000000eb400000,0x00000000fcd80000,0x00000000fcd80000)
  from space 9728K, 7% used [0x00000000fe380000,0x00000000fe430000,0x00000000fed00000)
  to   space 9216K, 0% used [0x00000000fed80000,0x00000000fed80000,0x00000000ff680000)
 ParOldGen       total 52224K, used 18828K [0x00000000c1c00000, 0x00000000c4f00000, 0x00000000eb400000)
  object space 52224K, 36% used [0x00000000c1c00000,0x00000000c2e63200,0x00000000c4f00000)
 Metaspace       used 11406K, capacity 11578K, committed 11904K, reserved 1060864K
  class space    used 1306K, capacity 1360K, committed 1408K, reserved 1048576K
Event: 292.840 GC heap after
Heap after GC invocations=19 (full 1):
 PSYoungGen      total 276480K, used 1078K [0x00000000eb400000, 0x00000000fef00000, 0x0000000100000000)
  eden space 274944K, 0% used [0x00000000eb400000,0x00000000eb400000,0x00000000fc080000)
  from space 1536K, 70% used [0x00000000fed80000,0x00000000fee8d860,0x00000000fef00000)
  to   space 8704K, 0% used [0x00000000fde00000,0x00000000fde00000,0x00000000fe680000)
 ParOldGen       total 52224K, used 19036K [0x00000000c1c00000, 0x00000000c4f00000, 0x00000000eb400000)
  object space 52224K, 36% used [0x00000000c1c00000,0x00000000c2e97200,0x00000000c4f00000)
 Metaspace       used 11406K, capacity 11578K, committed 11904K, reserved 1060864K
  class space    used 1306K, capacity 1360K, committed 1408K, reserved 1048576K
}
Event: 305.924 GC heap before
{Heap before GC invocations=20 (full 1):
 PSYoungGen      total 276480K, used 276022K [0x00000000eb400000, 0x00000000fef00000, 0x0000000100000000)
  eden space 274944K, 100% used [0x00000000eb400000,0x00000000fc080000,0x00000000fc080000)
  from space 1536K, 70% used [0x00000000fed80000,0x00000000fee8d860,0x00000000fef00000)
  to   space 8704K, 0% used [0x00000000fde00000,0x00000000fde00000,0x00000000fe680000)
 ParOldGen       total 52224K, used 19036K [0x00000000c1c00000, 0x00000000c4f00000, 0x00000000eb400000)
  object space 52224K, 36% used [0x00000000c1c00000,0x00000000c2e97200,0x00000000c4f00000)
 Metaspace       used 11407K, capacity 11578K, committed 11904K, reserved 1060864K
  class space    used 1306K, capacity 1360K, committed 1408K, reserved 1048576K
Event: 305.934 GC heap after
Heap after GC invocations=20 (full 1):
 PSYoungGen      total 263168K, used 1019K [0x00000000eb400000, 0x00000000fee00000, 0x0000000100000000)
  eden space 262144K, 0% used [0x00000000eb400000,0x00000000eb400000,0x00000000fb400000)
  from space 1024K, 99% used [0x00000000fde00000,0x00000000fdefee18,0x00000000fdf00000)
  to   space 8192K, 0% used [0x00000000fe600000,0x00000000fe600000,0x00000000fee00000)
 ParOldGen       total 52224K, used 19770K [0x00000000c1c00000, 0x00000000c4f00000, 0x00000000eb400000)
  object space 52224K, 37% used [0x00000000c1c00000,0x00000000c2f4ea60,0x00000000c4f00000)
 Metaspace       used 11407K, capacity 11578K, committed 11904K, reserved 1060864K
  class space    used 1306K, capacity 1360K, committed 1408K, reserved 1048576K
}
Event: 318.662 GC heap before
{Heap before GC invocations=21 (full 1):
 PSYoungGen      total 263168K, used 263163K [0x00000000eb400000, 0x00000000fee00000, 0x0000000100000000)
  eden space 262144K, 100% used [0x00000000eb400000,0x00000000fb400000,0x00000000fb400000)
  from space 1024K, 99% used [0x00000000fde00000,0x00000000fdefee18,0x00000000fdf00000)
  to   space 8192K, 0% used [0x00000000fe600000,0x00000000fe600000,0x00000000fee00000)
 ParOldGen       total 52224K, used 19817K [0x00000000c1c00000, 0x00000000c4f00000, 0x00000000eb400000)
  object space 52224K, 37% used [0x00000000c1c00000,0x00000000c2f5a6a8,0x00000000c4f00000)
 Metaspace       used 11411K, capacity 11578K, committed 11904K, reserved 1060864K
  class space    used 1307K, capacity 1360K, committed 1408K, reserved 1048576K
Event: 318.669 GC heap after
Heap after GC invocations=21 (full 1):
 PSYoungGen      total 251392K, used 1403K [0x00000000eb400000, 0x00000000fe780000, 0x0000000100000000)
  eden space 249856K, 0% used [0x00000000eb400000,0x00000000eb400000,0x00000000fa800000)
  from space 1536K, 91% used [0x00000000fe600000,0x00000000fe75ee18,0x00000000fe780000)
  to   space 7680K, 0% used [0x00000000fd880000,0x00000000fd880000,0x00000000fe000000)
 ParOldGen       total 52224K, used 19817K [0x00000000c1c00000, 0x00000000c4f00000, 0x00000000eb400000)
  object space 52224K, 37% used [0x00000000c1c00000,0x00000000c2f5a6a8,0x00000000c4f00000)
 Metaspace       used 11411K, capacity 11578K, committed 11904K, reserved 1060864K
  class space    used 1307K, capacity 1360K, committed 1408K, reserved 1048576K
}
Event: 334.816 GC heap before
{Heap before GC invocations=22 (full 1):
 PSYoungGen      total 251392K, used 251259K [0x00000000eb400000, 0x00000000fe780000, 0x0000000100000000)
  eden space 249856K, 100% used [0x00000000eb400000,0x00000000fa800000,0x00000000fa800000)
  from space 1536K, 91% used [0x00000000fe600000,0x00000000fe75ee18,0x00000000fe780000)
  to   space 7680K, 0% used [0x00000000fd880000,0x00000000fd880000,0x00000000fe000000)
 ParOldGen       total 52224K, used 19832K [0x00000000c1c00000, 0x00000000c4f00000, 0x00000000eb400000)
  object space 52224K, 37% used [0x00000000c1c00000,0x00000000c2f5e3b8,0x00000000c4f00000)
 Metaspace       used 11416K, capacity 11578K, committed 11904K, reserved 1060864K
  class space    used 1307K, capacity 1360K, committed 1408K, reserved 1048576K
Event: 334.823 GC heap after
Heap after GC invocations=22 (full 1):
 PSYoungGen      total 240640K, used 1883K [0x00000000eb400000, 0x00000000fe680000, 0x0000000100000000)
  eden space 238592K, 0% used [0x00000000eb400000,0x00000000eb400000,0x00000000f9d00000)
  from space 2048K, 91% used [0x00000000fd880000,0x00000000fda56e28,0x00000000fda80000)
  to   space 7168K, 0% used [0x00000000fdf80000,0x00000000fdf80000,0x00000000fe680000)
 ParOldGen       total 52224K, used 19832K [0x00000000c1c00000, 0x00000000c4f00000, 0x00000000eb400000)
  object space 52224K, 37% used [0x00000000c1c00000,0x00000000c2f5e3b8,0x00000000c4f00000)
 Metaspace       used 11416K, capacity 11578K, committed 11904K, reserved 1060864K
  class space    used 1307K, capacity 1360K, committed 1408K, reserved 1048576K
}

